# Logfile created on Mon Jul 27 14:06:08 -0500 2009  [4;36;1mSQL (0.3ms)[0m   [0;1m SELECT name
 FROM sqlite_master
 WHERE type = 'table' AND NOT name = 'sqlite_sequence'
[0m
  [4;35;1mSQL (0.2ms)[0m   [0mselect sqlite_version(*)[0m
  [4;36;1mSQL (2.9ms)[0m   [0;1mCREATE TABLE "schema_migrations" ("version" varchar(255) NOT NULL) [0m
  [4;35;1mSQL (2.1ms)[0m   [0mCREATE UNIQUE INDEX "unique_schema_migrations" ON "schema_migrations" ("version")[0m
  [4;36;1mSQL (0.2ms)[0m   [0;1m SELECT name
 FROM sqlite_master
 WHERE type = 'table' AND NOT name = 'sqlite_sequence'
[0m
  [4;35;1mSQL (0.1ms)[0m   [0mSELECT version FROM schema_migrations[0m
Migrating to CreateArticulos (20090727190608)
  [4;36;1mSQL (0.6ms)[0m   [0;1mCREATE TABLE "articulos" ("id" INTEGER PRIMARY KEY AUTOINCREMENT NOT NULL, "nombre" varchar(255), "descripcion" text, "precio" decimal, "cantidad" integer, "created_at" datetime, "updated_at" datetime) [0m
  [4;35;1mSQL (0.2ms)[0m   [0mINSERT INTO schema_migrations (version) VALUES ('20090727190608')[0m
  [4;36;1mSQL (0.3ms)[0m   [0;1m SELECT name
 FROM sqlite_master
 WHERE type = 'table' AND NOT name = 'sqlite_sequence'
[0m
  [4;35;1mSQL (0.2ms)[0m   [0mSELECT version FROM schema_migrations[0m
  [4;36;1mSQL (0.2ms)[0m   [0;1m SELECT name
 FROM sqlite_master
 WHERE type = 'table' AND NOT name = 'sqlite_sequence'
[0m
  [4;35;1mSQL (0.1ms)[0m   [0mPRAGMA index_list("articulos")[0m


Processing ApplicationController#index (for 127.0.0.1 at 2009-07-27 14:07:01) [GET]

ActionController::RoutingError (No route matches "/javascripts/prototype.js" with {:method=>:get}):
  

Rendering rescues/layout (not_found)


Processing ApplicationController#index (for 127.0.0.1 at 2009-07-27 14:07:01) [GET]

ActionController::RoutingError (No route matches "/javascripts/effects.js" with {:method=>:get}):
  

Rendering rescues/layout (not_found)


Processing ApplicationController#index (for 127.0.0.1 at 2009-07-27 14:07:01) [GET]

ActionController::RoutingError (No route matches "/images/rails.png" with {:method=>:get}):
  

Rendering rescues/layout (not_found)


Processing ArticulosController#index (for 127.0.0.1 at 2009-07-27 14:07:16) [GET]
  [4;36;1mArticulo Load (0.6ms)[0m   [0;1mSELECT * FROM "articulos" [0m
Rendering template within layouts/articulos
Rendering articulos/index
Completed in 32ms (View: 24, DB: 1) | 200 OK [http://localhost/articulos]


Processing ArticulosController#index (for 127.0.0.1 at 2009-07-27 14:07:20) [GET]
  [4;35;1mArticulo Load (0.4ms)[0m   [0mSELECT * FROM "articulos" [0m
Rendering template within layouts/articulos
Rendering articulos/index
Completed in 9ms (View: 1, DB: 0) | 200 OK [http://localhost/articulos]


Processing ArticulosController#index (for 127.0.0.1 at 2009-07-27 14:07:20) [GET]
  [4;36;1mArticulo Load (0.4ms)[0m   [0;1mSELECT * FROM "articulos" [0m
Rendering template within layouts/articulos
Rendering articulos/index
Completed in 9ms (View: 1, DB: 0) | 200 OK [http://localhost/articulos]


Processing ArticulosController#new (for 127.0.0.1 at 2009-07-27 14:07:27) [GET]
Rendering template within layouts/articulos
Rendering articulos/new
Completed in 21ms (View: 11, DB: 0) | 200 OK [http://localhost/articulos/new]
  [4;36;1mSQL (0.6ms)[0m   [0;1m SELECT name
 FROM sqlite_master
 WHERE type = 'table' AND NOT name = 'sqlite_sequence'
[0m
  [4;35;1mSQL (0.2ms)[0m   [0mSELECT version FROM schema_migrations[0m
Migrating to CreateArticulos (20090727190608)
Migrating to AddAttachmentsPhotoToArticulo (20090727191612)
  [4;36;1mSQL (0.1ms)[0m   [0;1mselect sqlite_version(*)[0m
  [4;35;1mSQL (0.8ms)[0m   [0mALTER TABLE "articulos" ADD "photo_file_name" varchar(255)[0m
  [4;36;1mSQL (0.2ms)[0m   [0;1mALTER TABLE "articulos" ADD "photo_content_type" varchar(255)[0m
  [4;35;1mSQL (0.3ms)[0m   [0mALTER TABLE "articulos" ADD "photo_file_size" integer[0m
  [4;36;1mSQL (0.2ms)[0m   [0;1mALTER TABLE "articulos" ADD "photo_updated_at" datetime[0m
  [4;35;1mSQL (0.2ms)[0m   [0mINSERT INTO schema_migrations (version) VALUES ('20090727191612')[0m
  [4;36;1mSQL (0.3ms)[0m   [0;1m SELECT name
 FROM sqlite_master
 WHERE type = 'table' AND NOT name = 'sqlite_sequence'
[0m
  [4;35;1mSQL (0.2ms)[0m   [0mSELECT version FROM schema_migrations[0m
  [4;36;1mSQL (0.2ms)[0m   [0;1m SELECT name
 FROM sqlite_master
 WHERE type = 'table' AND NOT name = 'sqlite_sequence'
[0m
  [4;35;1mSQL (0.1ms)[0m   [0mPRAGMA index_list("articulos")[0m


Processing ArticulosController#new (for 127.0.0.1 at 2009-07-27 14:26:27) [GET]
  [4;35;1mSQL (0.7ms)[0m   [0m SELECT name
 FROM sqlite_master
 WHERE type = 'table' AND NOT name = 'sqlite_sequence'
[0m
  [4;36;1mSQL (0.4ms)[0m   [0;1m SELECT name
 FROM sqlite_master
 WHERE type = 'table' AND NOT name = 'sqlite_sequence'
[0m

NoMethodError (undefined method `has_attached_file' for #<Class:0xb7a4a4a4>):
  app/models/articulo.rb:3
  app/controllers/articulos_controller.rb:27:in `new'

Rendered rescues/_trace (58.7ms)
Rendered rescues/_request_and_response (1.8ms)
Rendering rescues/layout (internal_server_error)


Processing ArticulosController#new (for 127.0.0.1 at 2009-07-27 14:26:29) [GET]
  [4;35;1mSQL (0.7ms)[0m   [0m SELECT name
 FROM sqlite_master
 WHERE type = 'table' AND NOT name = 'sqlite_sequence'
[0m
  [4;36;1mSQL (0.4ms)[0m   [0;1m SELECT name
 FROM sqlite_master
 WHERE type = 'table' AND NOT name = 'sqlite_sequence'
[0m

NoMethodError (undefined method `has_attached_file' for #<Class:0xb7c5da5c>):
  app/models/articulo.rb:3
  app/controllers/articulos_controller.rb:27:in `new'

Rendered rescues/_trace (113.9ms)
Rendered rescues/_request_and_response (0.4ms)
Rendering rescues/layout (internal_server_error)


Processing ApplicationController#index (for 127.0.0.1 at 2009-07-27 14:27:08) [GET]

ActionController::RoutingError (No route matches "/javascripts/prototype.js" with {:method=>:get}):
  

Rendering rescues/layout (not_found)


Processing ApplicationController#index (for 127.0.0.1 at 2009-07-27 14:27:08) [GET]

ActionController::RoutingError (No route matches "/javascripts/effects.js" with {:method=>:get}):
  

Rendering rescues/layout (not_found)


Processing ApplicationController#index (for 127.0.0.1 at 2009-07-27 14:27:08) [GET]

ActionController::RoutingError (No route matches "/images/rails.png" with {:method=>:get}):
  

Rendering rescues/layout (not_found)


Processing ArticulosController#index (for 127.0.0.1 at 2009-07-27 14:27:20) [GET]
  [4;35;1mSQL (0.7ms)[0m   [0m SELECT name
 FROM sqlite_master
 WHERE type = 'table' AND NOT name = 'sqlite_sequence'
[0m
  [4;36;1mSQL (0.4ms)[0m   [0;1m SELECT name
 FROM sqlite_master
 WHERE type = 'table' AND NOT name = 'sqlite_sequence'
[0m

NoMethodError (undefined method `has_attached_file' for #<Class:0xb7868af0>):
  app/models/articulo.rb:3
  app/controllers/articulos_controller.rb:5:in `index'

Rendered rescues/_trace (56.0ms)
Rendered rescues/_request_and_response (0.4ms)
Rendering rescues/layout (internal_server_error)


Processing ArticulosController#index (for 127.0.0.1 at 2009-07-27 14:27:22) [GET]
  [4;35;1mSQL (0.5ms)[0m   [0m SELECT name
 FROM sqlite_master
 WHERE type = 'table' AND NOT name = 'sqlite_sequence'
[0m
  [4;36;1mSQL (0.5ms)[0m   [0;1m SELECT name
 FROM sqlite_master
 WHERE type = 'table' AND NOT name = 'sqlite_sequence'
[0m

NoMethodError (undefined method `has_attached_file' for #<Class:0xb7b27b74>):
  app/models/articulo.rb:3
  app/controllers/articulos_controller.rb:5:in `index'

Rendered rescues/_trace (59.1ms)
Rendered rescues/_request_and_response (0.4ms)
Rendering rescues/layout (internal_server_error)


Processing ArticulosController#index (for 127.0.0.1 at 2009-07-27 14:32:36) [GET]
  [4;35;1mSQL (0.5ms)[0m   [0m SELECT name
 FROM sqlite_master
 WHERE type = 'table' AND NOT name = 'sqlite_sequence'
[0m
  [4;36;1mSQL (0.3ms)[0m   [0;1m SELECT name
 FROM sqlite_master
 WHERE type = 'table' AND NOT name = 'sqlite_sequence'
[0m

NoMethodError (undefined method `has_attached_file' for #<Class:0xb7845c44>):
  app/models/articulo.rb:3
  app/controllers/articulos_controller.rb:5:in `index'

Rendered rescues/_trace (60.5ms)
Rendered rescues/_request_and_response (0.4ms)
Rendering rescues/layout (internal_server_error)


Processing ArticulosController#index (for 127.0.0.1 at 2009-07-27 14:32:37) [GET]
  [4;35;1mSQL (0.5ms)[0m   [0m SELECT name
 FROM sqlite_master
 WHERE type = 'table' AND NOT name = 'sqlite_sequence'
[0m
  [4;36;1mSQL (0.4ms)[0m   [0;1m SELECT name
 FROM sqlite_master
 WHERE type = 'table' AND NOT name = 'sqlite_sequence'
[0m

NoMethodError (undefined method `has_attached_file' for #<Class:0xb7b042dc>):
  app/models/articulo.rb:3
  app/controllers/articulos_controller.rb:5:in `index'

Rendered rescues/_trace (56.8ms)
Rendered rescues/_request_and_response (0.4ms)
Rendering rescues/layout (internal_server_error)


Processing ArticulosController#index (for 127.0.0.1 at 2009-07-27 14:32:39) [GET]
  [4;35;1mSQL (0.6ms)[0m   [0m SELECT name
 FROM sqlite_master
 WHERE type = 'table' AND NOT name = 'sqlite_sequence'
[0m
  [4;36;1mSQL (0.4ms)[0m   [0;1m SELECT name
 FROM sqlite_master
 WHERE type = 'table' AND NOT name = 'sqlite_sequence'
[0m

NoMethodError (undefined method `has_attached_file' for #<Class:0xb7828478>):
  app/models/articulo.rb:3
  app/controllers/articulos_controller.rb:5:in `index'

Rendered rescues/_trace (110.7ms)
Rendered rescues/_request_and_response (0.4ms)
Rendering rescues/layout (internal_server_error)


Processing ArticulosController#index (for 127.0.0.1 at 2009-07-27 14:32:40) [GET]
  [4;35;1mSQL (0.6ms)[0m   [0m SELECT name
 FROM sqlite_master
 WHERE type = 'table' AND NOT name = 'sqlite_sequence'
[0m
  [4;36;1mSQL (0.3ms)[0m   [0;1m SELECT name
 FROM sqlite_master
 WHERE type = 'table' AND NOT name = 'sqlite_sequence'
[0m

NoMethodError (undefined method `has_attached_file' for #<Class:0xb7ad3038>):
  app/models/articulo.rb:3
  app/controllers/articulos_controller.rb:5:in `index'

Rendered rescues/_trace (56.9ms)
Rendered rescues/_request_and_response (0.3ms)
Rendering rescues/layout (internal_server_error)
  [4;36;1mSQL (0.6ms)[0m   [0;1m SELECT name
 FROM sqlite_master
 WHERE type = 'table' AND NOT name = 'sqlite_sequence'
[0m
  [4;35;1mSQL (0.2ms)[0m   [0mSELECT version FROM schema_migrations[0m
  [4;36;1mSQL (0.2ms)[0m   [0;1m SELECT name
 FROM sqlite_master
 WHERE type = 'table' AND NOT name = 'sqlite_sequence'
[0m
  [4;35;1mSQL (0.2ms)[0m   [0mSELECT version FROM schema_migrations[0m
Migrating to AddAttachmentsPhotoToArticulo (20090727191612)
  [4;36;1mSQL (0.1ms)[0m   [0;1mselect sqlite_version(*)[0m
  [4;35;1mSQL (12.9ms)[0m   [0mCREATE TEMPORARY TABLE "altered_articulos" ("id" INTEGER PRIMARY KEY AUTOINCREMENT NOT NULL, "nombre" varchar(255), "descripcion" text, "precio" decimal, "cantidad" integer, "created_at" datetime, "updated_at" datetime, "photo_file_name" varchar(255), "photo_content_type" varchar(255), "photo_file_size" integer, "photo_updated_at" datetime) [0m
  [4;36;1mSQL (0.1ms)[0m   [0;1mPRAGMA index_list("articulos")[0m
  [4;35;1mSQL (0.6ms)[0m   [0mDROP TABLE "articulos"[0m
  [4;36;1mSQL (0.4ms)[0m   [0;1mCREATE TABLE "articulos" ("id" INTEGER PRIMARY KEY AUTOINCREMENT NOT NULL, "nombre" varchar(255), "descripcion" text, "precio" decimal, "cantidad" integer, "created_at" datetime, "updated_at" datetime, "photo_content_type" varchar(255), "photo_file_size" integer, "photo_updated_at" datetime) [0m
  [4;35;1mSQL (0.1ms)[0m   [0mPRAGMA index_list("altered_articulos")[0m
  [4;36;1mSQL (0.4ms)[0m   [0;1mDROP TABLE "altered_articulos"[0m
  [4;35;1mSQL (0.3ms)[0m   [0mCREATE TEMPORARY TABLE "altered_articulos" ("id" INTEGER PRIMARY KEY AUTOINCREMENT NOT NULL, "nombre" varchar(255), "descripcion" text, "precio" decimal, "cantidad" integer, "created_at" datetime, "updated_at" datetime, "photo_content_type" varchar(255), "photo_file_size" integer, "photo_updated_at" datetime) [0m
  [4;36;1mSQL (0.1ms)[0m   [0;1mPRAGMA index_list("articulos")[0m
  [4;35;1mSQL (0.2ms)[0m   [0mDROP TABLE "articulos"[0m
  [4;36;1mSQL (0.3ms)[0m   [0;1mCREATE TABLE "articulos" ("id" INTEGER PRIMARY KEY AUTOINCREMENT NOT NULL, "nombre" varchar(255), "descripcion" text, "precio" decimal, "cantidad" integer, "created_at" datetime, "updated_at" datetime, "photo_file_size" integer, "photo_updated_at" datetime) [0m
  [4;35;1mSQL (0.1ms)[0m   [0mPRAGMA index_list("altered_articulos")[0m
  [4;36;1mSQL (0.3ms)[0m   [0;1mDROP TABLE "altered_articulos"[0m
  [4;35;1mSQL (0.3ms)[0m   [0mCREATE TEMPORARY TABLE "altered_articulos" ("id" INTEGER PRIMARY KEY AUTOINCREMENT NOT NULL, "nombre" varchar(255), "descripcion" text, "precio" decimal, "cantidad" integer, "created_at" datetime, "updated_at" datetime, "photo_file_size" integer, "photo_updated_at" datetime) [0m
  [4;36;1mSQL (0.1ms)[0m   [0;1mPRAGMA index_list("articulos")[0m
  [4;35;1mSQL (0.3ms)[0m   [0mDROP TABLE "articulos"[0m
  [4;36;1mSQL (0.3ms)[0m   [0;1mCREATE TABLE "articulos" ("id" INTEGER PRIMARY KEY AUTOINCREMENT NOT NULL, "nombre" varchar(255), "descripcion" text, "precio" decimal, "cantidad" integer, "created_at" datetime, "updated_at" datetime, "photo_updated_at" datetime) [0m
  [4;35;1mSQL (0.1ms)[0m   [0mPRAGMA index_list("altered_articulos")[0m
  [4;36;1mSQL (0.2ms)[0m   [0;1mDROP TABLE "altered_articulos"[0m
  [4;35;1mSQL (0.3ms)[0m   [0mCREATE TEMPORARY TABLE "altered_articulos" ("id" INTEGER PRIMARY KEY AUTOINCREMENT NOT NULL, "nombre" varchar(255), "descripcion" text, "precio" decimal, "cantidad" integer, "created_at" datetime, "updated_at" datetime, "photo_updated_at" datetime) [0m
  [4;36;1mSQL (0.1ms)[0m   [0;1mPRAGMA index_list("articulos")[0m
  [4;35;1mSQL (0.2ms)[0m   [0mDROP TABLE "articulos"[0m
  [4;36;1mSQL (0.2ms)[0m   [0;1mCREATE TABLE "articulos" ("id" INTEGER PRIMARY KEY AUTOINCREMENT NOT NULL, "nombre" varchar(255), "descripcion" text, "precio" decimal, "cantidad" integer, "created_at" datetime, "updated_at" datetime) [0m
  [4;35;1mSQL (0.1ms)[0m   [0mPRAGMA index_list("altered_articulos")[0m
  [4;36;1mSQL (0.3ms)[0m   [0;1mDROP TABLE "altered_articulos"[0m
  [4;35;1mSQL (0.2ms)[0m   [0mDELETE FROM schema_migrations WHERE version = '20090727191612'[0m
  [4;36;1mSQL (0.4ms)[0m   [0;1m SELECT name
 FROM sqlite_master
 WHERE type = 'table' AND NOT name = 'sqlite_sequence'
[0m
  [4;35;1mSQL (0.3ms)[0m   [0mSELECT version FROM schema_migrations[0m
  [4;36;1mSQL (0.3ms)[0m   [0;1m SELECT name
 FROM sqlite_master
 WHERE type = 'table' AND NOT name = 'sqlite_sequence'
[0m
  [4;35;1mSQL (0.1ms)[0m   [0mPRAGMA index_list("articulos")[0m
  [4;36;1mSQL (0.6ms)[0m   [0;1m SELECT name
 FROM sqlite_master
 WHERE type = 'table' AND NOT name = 'sqlite_sequence'
[0m
  [4;35;1mSQL (0.2ms)[0m   [0mSELECT version FROM schema_migrations[0m
  [4;36;1mSQL (0.2ms)[0m   [0;1m SELECT name
 FROM sqlite_master
 WHERE type = 'table' AND NOT name = 'sqlite_sequence'
[0m
  [4;35;1mSQL (0.2ms)[0m   [0mSELECT version FROM schema_migrations[0m
Migrating to CreateArticulos (20090727190608)
Migrating to AddAttachmentsPhotoToArticulo (20090727191612)
  [4;36;1mSQL (0.1ms)[0m   [0;1mselect sqlite_version(*)[0m
  [4;35;1mSQL (0.8ms)[0m   [0mALTER TABLE "articulos" ADD "photo_file_name" varchar(255)[0m
  [4;36;1mSQL (0.3ms)[0m   [0;1mALTER TABLE "articulos" ADD "photo_content_type" varchar(255)[0m
  [4;35;1mSQL (0.3ms)[0m   [0mALTER TABLE "articulos" ADD "photo_file_size" integer[0m
  [4;36;1mSQL (0.3ms)[0m   [0;1mALTER TABLE "articulos" ADD "photo_updated_at" datetime[0m
  [4;35;1mSQL (0.2ms)[0m   [0mINSERT INTO schema_migrations (version) VALUES ('20090727191612')[0m
  [4;36;1mSQL (0.5ms)[0m   [0;1m SELECT name
 FROM sqlite_master
 WHERE type = 'table' AND NOT name = 'sqlite_sequence'
[0m
  [4;35;1mSQL (0.3ms)[0m   [0mSELECT version FROM schema_migrations[0m
  [4;36;1mSQL (0.2ms)[0m   [0;1m SELECT name
 FROM sqlite_master
 WHERE type = 'table' AND NOT name = 'sqlite_sequence'
[0m
  [4;35;1mSQL (0.1ms)[0m   [0mPRAGMA index_list("articulos")[0m


Processing ApplicationController#index (for 127.0.0.1 at 2009-07-27 14:40:00) [GET]

ActionController::RoutingError (No route matches "/javascripts/prototype.js" with {:method=>:get}):
  

Rendering rescues/layout (not_found)


Processing ApplicationController#index (for 127.0.0.1 at 2009-07-27 14:40:00) [GET]

ActionController::RoutingError (No route matches "/javascripts/effects.js" with {:method=>:get}):
  

Rendering rescues/layout (not_found)


Processing ApplicationController#index (for 127.0.0.1 at 2009-07-27 14:40:00) [GET]

ActionController::RoutingError (No route matches "/javascripts/effects.js" with {:method=>:get}):
  

Rendering rescues/layout (not_found)


Processing ApplicationController#index (for 127.0.0.1 at 2009-07-27 14:40:00) [GET]

ActionController::RoutingError (No route matches "/images/rails.png" with {:method=>:get}):
  

Rendering rescues/layout (not_found)


Processing ArticulosController#new (for 127.0.0.1 at 2009-07-27 14:40:05) [GET]
  [4;35;1mSQL (0.6ms)[0m   [0m SELECT name
 FROM sqlite_master
 WHERE type = 'table' AND NOT name = 'sqlite_sequence'
[0m
  [4;36;1mSQL (0.3ms)[0m   [0;1m SELECT name
 FROM sqlite_master
 WHERE type = 'table' AND NOT name = 'sqlite_sequence'
[0m

NoMethodError (undefined method `has_attached_file' for #<Class:0xb7b6940c>):
  app/models/articulo.rb:2
  app/controllers/articulos_controller.rb:27:in `new'

Rendered rescues/_trace (58.4ms)
Rendered rescues/_request_and_response (0.6ms)
Rendering rescues/layout (internal_server_error)


Processing ArticulosController#new (for 127.0.0.1 at 2009-07-27 14:40:07) [GET]
  [4;35;1mSQL (0.7ms)[0m   [0m SELECT name
 FROM sqlite_master
 WHERE type = 'table' AND NOT name = 'sqlite_sequence'
[0m
  [4;36;1mSQL (0.4ms)[0m   [0;1m SELECT name
 FROM sqlite_master
 WHERE type = 'table' AND NOT name = 'sqlite_sequence'
[0m

NoMethodError (undefined method `has_attached_file' for #<Class:0xb7871600>):
  app/models/articulo.rb:2
  app/controllers/articulos_controller.rb:27:in `new'

Rendered rescues/_trace (54.7ms)
Rendered rescues/_request_and_response (0.3ms)
Rendering rescues/layout (internal_server_error)


Processing ApplicationController#index (for 127.0.0.1 at 2009-07-27 14:40:12) [GET]

ActionController::RoutingError (No route matches "/articulo" with {:method=>:get}):
  

Rendering rescues/layout (not_found)


Processing ArticulosController#index (for 127.0.0.1 at 2009-07-27 14:40:17) [GET]
  [4;35;1mSQL (0.7ms)[0m   [0m SELECT name
 FROM sqlite_master
 WHERE type = 'table' AND NOT name = 'sqlite_sequence'
[0m
  [4;36;1mSQL (0.5ms)[0m   [0;1m SELECT name
 FROM sqlite_master
 WHERE type = 'table' AND NOT name = 'sqlite_sequence'
[0m

NoMethodError (undefined method `has_attached_file' for #<Class:0xb7aaadf4>):
  app/models/articulo.rb:2
  app/controllers/articulos_controller.rb:5:in `index'

Rendered rescues/_trace (59.6ms)
Rendered rescues/_request_and_response (0.4ms)
Rendering rescues/layout (internal_server_error)


Processing ApplicationController#index (for 127.0.0.1 at 2009-07-27 14:42:02) [GET]

ActionController::RoutingError (No route matches "/javascripts/prototype.js" with {:method=>:get}):
  

Rendering rescues/layout (not_found)


Processing ApplicationController#index (for 127.0.0.1 at 2009-07-27 14:42:03) [GET]

ActionController::RoutingError (No route matches "/javascripts/effects.js" with {:method=>:get}):
  

Rendering rescues/layout (not_found)


Processing ApplicationController#index (for 127.0.0.1 at 2009-07-27 14:42:03) [GET]

ActionController::RoutingError (No route matches "/javascripts/effects.js" with {:method=>:get}):
  

Rendering rescues/layout (not_found)


Processing ApplicationController#index (for 127.0.0.1 at 2009-07-27 14:42:03) [GET]

ActionController::RoutingError (No route matches "/images/rails.png" with {:method=>:get}):
  

Rendering rescues/layout (not_found)


Processing ArticulosController#index (for 127.0.0.1 at 2009-07-27 14:42:11) [GET]
  [4;35;1mSQL (0.7ms)[0m   [0m SELECT name
 FROM sqlite_master
 WHERE type = 'table' AND NOT name = 'sqlite_sequence'
[0m
  [4;36;1mSQL (0.3ms)[0m   [0;1m SELECT name
 FROM sqlite_master
 WHERE type = 'table' AND NOT name = 'sqlite_sequence'
[0m

NoMethodError (undefined method `has_attached_file' for #<Class:0xb7b31e6c>):
  app/models/articulo.rb:2
  app/controllers/articulos_controller.rb:5:in `index'

Rendered rescues/_trace (58.6ms)
Rendered rescues/_request_and_response (0.3ms)
Rendering rescues/layout (internal_server_error)


Processing ArticulosController#index (for 127.0.0.1 at 2009-07-27 14:45:03) [GET]
  [4;35;1mSQL (0.5ms)[0m   [0m SELECT name
 FROM sqlite_master
 WHERE type = 'table' AND NOT name = 'sqlite_sequence'
[0m
  [4;36;1mSQL (0.4ms)[0m   [0;1m SELECT name
 FROM sqlite_master
 WHERE type = 'table' AND NOT name = 'sqlite_sequence'
[0m

NoMethodError (undefined method `has_attached_file' for #<Class:0xb7844f9c>):
  app/models/articulo.rb:2
  app/controllers/articulos_controller.rb:5:in `index'

Rendered rescues/_trace (111.3ms)
Rendered rescues/_request_and_response (0.4ms)
Rendering rescues/layout (internal_server_error)


Processing ArticulosController#index (for 127.0.0.1 at 2009-07-27 14:45:10) [GET]
  [4;35;1mSQL (0.8ms)[0m   [0m SELECT name
 FROM sqlite_master
 WHERE type = 'table' AND NOT name = 'sqlite_sequence'
[0m
  [4;36;1mSQL (0.4ms)[0m   [0;1m SELECT name
 FROM sqlite_master
 WHERE type = 'table' AND NOT name = 'sqlite_sequence'
[0m

NoMethodError (undefined method `has_attached_file' for #<Class:0xb7ad2124>):
  app/models/articulo.rb:2
  app/controllers/articulos_controller.rb:5:in `index'

Rendered rescues/_trace (57.2ms)
Rendered rescues/_request_and_response (0.4ms)
Rendering rescues/layout (internal_server_error)
  [4;36;1mSQL (0.7ms)[0m   [0;1m SELECT name
 FROM sqlite_master
 WHERE type = 'table' AND NOT name = 'sqlite_sequence'
[0m
  [4;35;1mSQL (0.3ms)[0m   [0mSELECT version FROM schema_migrations[0m
Migrating to CreateArticulos (20090727190608)
Migrating to AddAttachmentsPhotoToArticulo (20090727191612)
  [4;36;1mSQL (0.4ms)[0m   [0;1mselect sqlite_version(*)[0m
  [4;35;1mSQL (0.9ms)[0m   [0m SELECT name
 FROM sqlite_master
 WHERE type = 'table' AND NOT name = 'sqlite_sequence'
[0m
  [4;36;1mSQL (0.3ms)[0m   [0;1mSELECT version FROM schema_migrations[0m
  [4;35;1mSQL (0.3ms)[0m   [0m SELECT name
 FROM sqlite_master
 WHERE type = 'table' AND NOT name = 'sqlite_sequence'
[0m
  [4;36;1mSQL (0.2ms)[0m   [0;1mPRAGMA index_list("articulos")[0m
  [4;36;1mSQL (0.8ms)[0m   [0;1m SELECT name
 FROM sqlite_master
 WHERE type = 'table' AND NOT name = 'sqlite_sequence'
[0m
  [4;35;1mSQL (0.3ms)[0m   [0mSELECT version FROM schema_migrations[0m
  [4;36;1mSQL (0.3ms)[0m   [0;1m SELECT name
 FROM sqlite_master
 WHERE type = 'table' AND NOT name = 'sqlite_sequence'
[0m
  [4;35;1mSQL (0.3ms)[0m   [0mSELECT version FROM schema_migrations[0m
Migrating to CreateArticulos (20090727190608)
Migrating to AddAttachmentsPhotoToArticulo (20090727191612)
  [4;36;1mSQL (0.2ms)[0m   [0;1mselect sqlite_version(*)[0m
  [4;35;1mSQL (0.3ms)[0m   [0m SELECT name
 FROM sqlite_master
 WHERE type = 'table' AND NOT name = 'sqlite_sequence'
[0m
  [4;36;1mSQL (0.2ms)[0m   [0;1mSELECT version FROM schema_migrations[0m
  [4;35;1mSQL (0.3ms)[0m   [0m SELECT name
 FROM sqlite_master
 WHERE type = 'table' AND NOT name = 'sqlite_sequence'
[0m
  [4;36;1mSQL (0.1ms)[0m   [0;1mPRAGMA index_list("articulos")[0m
  [4;36;1mSQL (0.7ms)[0m   [0;1m SELECT name
 FROM sqlite_master
 WHERE type = 'table' AND NOT name = 'sqlite_sequence'
[0m
  [4;35;1mSQL (0.2ms)[0m   [0mSELECT version FROM schema_migrations[0m
Migrating to CreateArticulos (20090727190608)
Migrating to AddAttachmentsPhotoToArticulo (20090727191612)
  [4;36;1mSQL (0.2ms)[0m   [0;1mselect sqlite_version(*)[0m
  [4;35;1mSQL (0.3ms)[0m   [0m SELECT name
 FROM sqlite_master
 WHERE type = 'table' AND NOT name = 'sqlite_sequence'
[0m
  [4;36;1mSQL (0.2ms)[0m   [0;1mSELECT version FROM schema_migrations[0m
  [4;35;1mSQL (0.2ms)[0m   [0m SELECT name
 FROM sqlite_master
 WHERE type = 'table' AND NOT name = 'sqlite_sequence'
[0m
  [4;36;1mSQL (0.1ms)[0m   [0;1mPRAGMA index_list("articulos")[0m


Processing ApplicationController#index (for 127.0.0.1 at 2009-07-27 14:49:23) [GET]

ActionController::RoutingError (No route matches "/javascripts/prototype.js" with {:method=>:get}):
  

Rendering rescues/layout (not_found)


Processing ApplicationController#index (for 127.0.0.1 at 2009-07-27 14:49:23) [GET]

ActionController::RoutingError (No route matches "/javascripts/effects.js" with {:method=>:get}):
  

Rendering rescues/layout (not_found)


Processing ApplicationController#index (for 127.0.0.1 at 2009-07-27 14:49:24) [GET]

ActionController::RoutingError (No route matches "/images/rails.png" with {:method=>:get}):
  

Rendering rescues/layout (not_found)


Processing ArticulosController#index (for 127.0.0.1 at 2009-07-27 14:49:35) [GET]
  [4;35;1mSQL (0.8ms)[0m   [0m SELECT name
 FROM sqlite_master
 WHERE type = 'table' AND NOT name = 'sqlite_sequence'
[0m
  [4;36;1mSQL (0.4ms)[0m   [0;1m SELECT name
 FROM sqlite_master
 WHERE type = 'table' AND NOT name = 'sqlite_sequence'
[0m

NoMethodError (undefined method `has_attached_file' for #<Class:0xb7ddc860>):
  app/models/articulo.rb:2
  app/controllers/articulos_controller.rb:5:in `index'

Rendered rescues/_trace (63.7ms)
Rendered rescues/_request_and_response (0.4ms)
Rendering rescues/layout (internal_server_error)


Processing ApplicationController#index (for 127.0.0.1 at 2009-07-27 14:50:55) [GET]

ActionController::RoutingError (No route matches "/javascripts/prototype.js" with {:method=>:get}):
  

Rendering rescues/layout (not_found)


Processing ApplicationController#index (for 127.0.0.1 at 2009-07-27 14:50:55) [GET]

ActionController::RoutingError (No route matches "/javascripts/effects.js" with {:method=>:get}):
  

Rendering rescues/layout (not_found)


Processing ApplicationController#index (for 127.0.0.1 at 2009-07-27 14:50:55) [GET]

ActionController::RoutingError (No route matches "/javascripts/effects.js" with {:method=>:get}):
  

Rendering rescues/layout (not_found)


Processing ApplicationController#index (for 127.0.0.1 at 2009-07-27 14:50:55) [GET]

ActionController::RoutingError (No route matches "/images/rails.png" with {:method=>:get}):
  

Rendering rescues/layout (not_found)


Processing ArticulosController#index (for 127.0.0.1 at 2009-07-27 14:51:13) [GET]
  [4;35;1mSQL (0.8ms)[0m   [0m SELECT name
 FROM sqlite_master
 WHERE type = 'table' AND NOT name = 'sqlite_sequence'
[0m
  [4;36;1mSQL (0.4ms)[0m   [0;1m SELECT name
 FROM sqlite_master
 WHERE type = 'table' AND NOT name = 'sqlite_sequence'
[0m

NoMethodError (undefined method `has_attached_file' for #<Class:0xb7eb09a8>):
  app/models/articulo.rb:2
  app/controllers/articulos_controller.rb:5:in `index'

Rendered rescues/_trace (110.5ms)
Rendered rescues/_request_and_response (0.4ms)
Rendering rescues/layout (internal_server_error)


Processing ApplicationController#index (for 127.0.0.1 at 2009-07-27 14:54:57) [GET]

ActionController::RoutingError (No route matches "/javascripts/prototype.js" with {:method=>:get}):
  

Rendering rescues/layout (not_found)


Processing ApplicationController#index (for 127.0.0.1 at 2009-07-27 14:54:57) [GET]

ActionController::RoutingError (No route matches "/javascripts/effects.js" with {:method=>:get}):
  

Rendering rescues/layout (not_found)


Processing ApplicationController#index (for 127.0.0.1 at 2009-07-27 14:54:57) [GET]

ActionController::RoutingError (No route matches "/javascripts/effects.js" with {:method=>:get}):
  

Rendering rescues/layout (not_found)


Processing ApplicationController#index (for 127.0.0.1 at 2009-07-27 14:54:57) [GET]

ActionController::RoutingError (No route matches "/images/rails.png" with {:method=>:get}):
  

Rendering rescues/layout (not_found)


Processing ApplicationController#index (for 127.0.0.1 at 2009-07-27 14:54:57) [GET]

ActionController::RoutingError (No route matches "/javascripts/prototype.js" with {:method=>:get}):
  

Rendering rescues/layout (not_found)


Processing ApplicationController#index (for 127.0.0.1 at 2009-07-27 14:54:57) [GET]

ActionController::RoutingError (No route matches "/javascripts/effects.js" with {:method=>:get}):
  

Rendering rescues/layout (not_found)


Processing ApplicationController#index (for 127.0.0.1 at 2009-07-27 14:54:57) [GET]

ActionController::RoutingError (No route matches "/images/rails.png" with {:method=>:get}):
  

Rendering rescues/layout (not_found)


Processing ArticulosController#index (for 127.0.0.1 at 2009-07-27 14:55:04) [GET]
  [4;36;1mArticulo Load (0.7ms)[0m   [0;1mSELECT * FROM "articulos" [0m
Rendering template within layouts/articulos
Rendering articulos/index
Completed in 26ms (View: 15, DB: 1) | 200 OK [http://localhost/articulos]


Processing ArticulosController#new (for 127.0.0.1 at 2009-07-27 14:55:08) [GET]
Rendering template within layouts/articulos
Rendering articulos/new

ActionView::TemplateError (undefined method `file_field_tag' for #<ActionView::Helpers::FormBuilder:0xb79654e4>) on line #23 of app/views/articulos/new.html.erb:
20:     <%= f.text_field :cantidad %>
21:   </p>
22:   <p>
23:     <%= f.file_field_tag :photo  %>
24:   </p> 
25:   <p>
26:     <%= f.submit 'Create' %>

    app/views/articulos/new.html.erb:23
    app/views/articulos/new.html.erb:3
    app/controllers/articulos_controller.rb:29:in `new'

Rendered rescues/_trace (124.4ms)
Rendered rescues/_request_and_response (1.9ms)
Rendering rescues/layout (internal_server_error)


Processing ArticulosController#index (for 127.0.0.1 at 2009-07-27 14:55:18) [GET]
  [4;35;1mArticulo Load (0.5ms)[0m   [0mSELECT * FROM "articulos" [0m
Rendering template within layouts/articulos
Rendering articulos/index
Completed in 13ms (View: 2, DB: 1) | 200 OK [http://localhost/articulos]


Processing ArticulosController#index (for 127.0.0.1 at 2009-07-27 14:55:19) [GET]
  [4;36;1mArticulo Load (0.5ms)[0m   [0;1mSELECT * FROM "articulos" [0m
Rendering template within layouts/articulos
Rendering articulos/index
Completed in 13ms (View: 2, DB: 1) | 200 OK [http://localhost/articulos]


Processing ApplicationController#index (for 127.0.0.1 at 2009-07-27 14:57:43) [GET]

ActionController::RoutingError (No route matches "/javascripts/prototype.js" with {:method=>:get}):
  

Rendering rescues/layout (not_found)


Processing ApplicationController#index (for 127.0.0.1 at 2009-07-27 14:57:43) [GET]

ActionController::RoutingError (No route matches "/javascripts/effects.js" with {:method=>:get}):
  

Rendering rescues/layout (not_found)


Processing ApplicationController#index (for 127.0.0.1 at 2009-07-27 14:57:43) [GET]

ActionController::RoutingError (No route matches "/javascripts/effects.js" with {:method=>:get}):
  

Rendering rescues/layout (not_found)


Processing ApplicationController#index (for 127.0.0.1 at 2009-07-27 14:57:43) [GET]

ActionController::RoutingError (No route matches "/images/rails.png" with {:method=>:get}):
  

Rendering rescues/layout (not_found)


Processing ArticulosController#index (for 127.0.0.1 at 2009-07-27 14:57:50) [GET]
  [4;36;1mArticulo Load (1.0ms)[0m   [0;1mSELECT * FROM "articulos" [0m
Rendering template within layouts/articulos
Rendering articulos/index
Completed in 28ms (View: 16, DB: 1) | 200 OK [http://localhost/articulos]


Processing ArticulosController#new (for 127.0.0.1 at 2009-07-27 14:57:51) [GET]
Rendering template within layouts/articulos
Rendering articulos/new
Completed in 23ms (View: 12, DB: 0) | 200 OK [http://localhost/articulos/new]
  [4;36;1mSQL (0.7ms)[0m   [0;1m SELECT name
 FROM sqlite_master
 WHERE type = 'table' AND NOT name = 'sqlite_sequence'
[0m
  [4;35;1mSQL (0.2ms)[0m   [0mSELECT version FROM schema_migrations[0m
  [4;36;1mSQL (0.6ms)[0m   [0;1m SELECT name
 FROM sqlite_master
 WHERE type = 'table' AND NOT name = 'sqlite_sequence'
[0m
  [4;35;1mSQL (0.2ms)[0m   [0mSELECT version FROM schema_migrations[0m
Migrating to CreateArticulos (20090727190608)
Migrating to AddAttachmentsPhotoToArticulo (20090727191612)
Migrating to AddAttachmentsPhoto1Photo2Photo3AndPhoto4ToArticulo (20090727200224)
  [4;36;1mSQL (0.1ms)[0m   [0;1mselect sqlite_version(*)[0m
  [4;35;1mSQL (0.8ms)[0m   [0mALTER TABLE "articulos" ADD "photo1_file_name" varchar(255)[0m
  [4;36;1mSQL (0.3ms)[0m   [0;1mALTER TABLE "articulos" ADD "photo1_content_type" varchar(255)[0m
  [4;35;1mSQL (0.2ms)[0m   [0mALTER TABLE "articulos" ADD "photo1_file_size" integer[0m
  [4;36;1mSQL (0.2ms)[0m   [0;1mALTER TABLE "articulos" ADD "photo1_updated_at" datetime[0m
  [4;35;1mSQL (0.2ms)[0m   [0mALTER TABLE "articulos" ADD "photo2_file_name" varchar(255)[0m
  [4;36;1mSQL (0.2ms)[0m   [0;1mALTER TABLE "articulos" ADD "photo2_content_type" varchar(255)[0m
  [4;35;1mSQL (0.6ms)[0m   [0mALTER TABLE "articulos" ADD "photo2_file_size" integer[0m
  [4;36;1mSQL (0.3ms)[0m   [0;1mALTER TABLE "articulos" ADD "photo2_updated_at" datetime[0m
  [4;35;1mSQL (0.2ms)[0m   [0mALTER TABLE "articulos" ADD "photo3_file_name" varchar(255)[0m
  [4;36;1mSQL (0.3ms)[0m   [0;1mALTER TABLE "articulos" ADD "photo3_content_type" varchar(255)[0m
  [4;35;1mSQL (0.3ms)[0m   [0mALTER TABLE "articulos" ADD "photo3_file_size" integer[0m
  [4;36;1mSQL (0.3ms)[0m   [0;1mALTER TABLE "articulos" ADD "photo3_updated_at" datetime[0m
  [4;35;1mSQL (0.5ms)[0m   [0mALTER TABLE "articulos" ADD "photo4_file_name" varchar(255)[0m
  [4;36;1mSQL (0.3ms)[0m   [0;1mALTER TABLE "articulos" ADD "photo4_content_type" varchar(255)[0m
  [4;35;1mSQL (0.3ms)[0m   [0mALTER TABLE "articulos" ADD "photo4_file_size" integer[0m
  [4;36;1mSQL (0.3ms)[0m   [0;1mALTER TABLE "articulos" ADD "photo4_updated_at" datetime[0m
  [4;35;1mSQL (0.2ms)[0m   [0mINSERT INTO schema_migrations (version) VALUES ('20090727200224')[0m
  [4;36;1mSQL (0.4ms)[0m   [0;1m SELECT name
 FROM sqlite_master
 WHERE type = 'table' AND NOT name = 'sqlite_sequence'
[0m
  [4;35;1mSQL (0.3ms)[0m   [0mSELECT version FROM schema_migrations[0m
  [4;36;1mSQL (0.3ms)[0m   [0;1m SELECT name
 FROM sqlite_master
 WHERE type = 'table' AND NOT name = 'sqlite_sequence'
[0m
  [4;35;1mSQL (0.1ms)[0m   [0mPRAGMA index_list("articulos")[0m


Processing ApplicationController#index (for 127.0.0.1 at 2009-07-27 15:04:24) [GET]

ActionController::RoutingError (No route matches "/javascripts/prototype.js" with {:method=>:get}):
  

Rendering rescues/layout (not_found)


Processing ApplicationController#index (for 127.0.0.1 at 2009-07-27 15:04:24) [GET]

ActionController::RoutingError (No route matches "/javascripts/effects.js" with {:method=>:get}):
  

Rendering rescues/layout (not_found)


Processing ApplicationController#index (for 127.0.0.1 at 2009-07-27 15:04:24) [GET]

ActionController::RoutingError (No route matches "/javascripts/effects.js" with {:method=>:get}):
  

Rendering rescues/layout (not_found)


Processing ApplicationController#index (for 127.0.0.1 at 2009-07-27 15:04:25) [GET]

ActionController::RoutingError (No route matches "/images/rails.png" with {:method=>:get}):
  

Rendering rescues/layout (not_found)


Processing ArticulosController#index (for 127.0.0.1 at 2009-07-27 15:04:34) [GET]
  [4;36;1mArticulo Load (0.8ms)[0m   [0;1mSELECT * FROM "articulos" [0m
Rendering template within layouts/articulos
Rendering articulos/index
Completed in 36ms (View: 22, DB: 1) | 200 OK [http://localhost/articulos]


Processing ArticulosController#new (for 127.0.0.1 at 2009-07-27 15:04:36) [GET]
Rendering template within layouts/articulos
Rendering articulos/new
Completed in 33ms (View: 17, DB: 0) | 200 OK [http://localhost/articulos/new]


Processing ArticulosController#index (for 127.0.0.1 at 2009-07-27 15:24:04) [GET]
  [4;35;1mArticulo Load (0.6ms)[0m   [0mSELECT * FROM "articulos" [0m
Rendering template within layouts/articulos
Rendering articulos/index
Completed in 17ms (View: 2, DB: 1) | 200 OK [http://localhost/articulos]


Processing ArticulosController#new (for 127.0.0.1 at 2009-07-27 15:24:08) [GET]
Rendering template within layouts/articulos
Rendering articulos/new
Completed in 25ms (View: 9, DB: 0) | 200 OK [http://localhost/articulos/new]


Processing ApplicationController#index (for 127.0.0.1 at 2009-07-27 16:01:19) [GET]

ActionController::RoutingError (No route matches "/javascripts/prototype.js" with {:method=>:get}):
  

Rendering rescues/layout (not_found)


Processing ApplicationController#index (for 127.0.0.1 at 2009-07-27 16:01:19) [GET]

ActionController::RoutingError (No route matches "/javascripts/effects.js" with {:method=>:get}):
  

Rendering rescues/layout (not_found)


Processing ApplicationController#index (for 127.0.0.1 at 2009-07-27 16:01:19) [GET]

ActionController::RoutingError (No route matches "/javascripts/effects.js" with {:method=>:get}):
  

Rendering rescues/layout (not_found)


Processing ApplicationController#index (for 127.0.0.1 at 2009-07-27 16:01:19) [GET]

ActionController::RoutingError (No route matches "/images/rails.png" with {:method=>:get}):
  

Rendering rescues/layout (not_found)


Processing ArticulosController#index (for 127.0.0.1 at 2009-07-27 16:01:30) [GET]
  [4;36;1mArticulo Load (0.5ms)[0m   [0;1mSELECT * FROM "articulos" [0m
Rendering template within layouts/articulos
Rendering articulos/index
Completed in 60ms (View: 1, DB: 0) | 200 OK [http://localhost/articulos]


Processing ArticulosController#new (for 127.0.0.1 at 2009-07-27 16:01:32) [GET]
Rendering template within layouts/articulos
Rendering articulos/new
Completed in 32ms (View: 11, DB: 0) | 200 OK [http://localhost/articulos/new]


Processing ArticulosController#index (for 127.0.0.1 at 2009-07-27 16:01:37) [GET]
  [4;35;1mArticulo Load (0.5ms)[0m   [0mSELECT * FROM "articulos" [0m
Rendering template within layouts/articulos
Rendering articulos/index
Completed in 12ms (View: 1, DB: 1) | 200 OK [http://localhost/articulos]


Processing ApplicationController#index (for 127.0.0.1 at 2009-07-27 16:06:22) [GET]

ActionController::RoutingError (No route matches "/javascripts/prototype.js" with {:method=>:get}):
  

Rendering rescues/layout (not_found)


Processing ApplicationController#index (for 127.0.0.1 at 2009-07-27 16:06:22) [GET]

ActionController::RoutingError (No route matches "/javascripts/effects.js" with {:method=>:get}):
  

Rendering rescues/layout (not_found)


Processing ApplicationController#index (for 127.0.0.1 at 2009-07-27 16:06:22) [GET]

ActionController::RoutingError (No route matches "/images/rails.png" with {:method=>:get}):
  

Rendering rescues/layout (not_found)


Processing ApplicationController#index (for 127.0.0.1 at 2009-07-27 16:06:30) [GET]

ActionController::RoutingError (No route matches "/" with {:method=>:get}):
  

Rendering rescues/layout (not_found)


Processing ApplicationController#index (for 127.0.0.1 at 2009-07-27 16:06:31) [GET]

ActionController::RoutingError (No route matches "/" with {:method=>:get}):
  

Rendering rescues/layout (not_found)


Processing ApplicationController#index (for 127.0.0.1 at 2009-07-27 16:06:32) [GET]

ActionController::RoutingError (No route matches "/" with {:method=>:get}):
  

Rendering rescues/layout (not_found)


Processing ApplicationController#index (for 127.0.0.1 at 2009-07-27 16:09:13) [GET]

ActionController::RoutingError (No route matches "/" with {:method=>:get}):
  

Rendering rescues/layout (not_found)


Processing ApplicationController#index (for 127.0.0.1 at 2009-07-27 16:09:17) [GET]

ActionController::RoutingError (No route matches "/" with {:method=>:get}):
  

Rendering rescues/layout (not_found)


Processing ApplicationController#index (for 127.0.0.1 at 2009-07-27 16:09:18) [GET]

ActionController::RoutingError (No route matches "/" with {:method=>:get}):
  

Rendering rescues/layout (not_found)


Processing ApplicationController#index (for 127.0.0.1 at 2009-07-27 16:09:19) [GET]

ActionController::RoutingError (No route matches "/" with {:method=>:get}):
  

Rendering rescues/layout (not_found)


Processing ApplicationController#index (for 127.0.0.1 at 2009-07-27 16:09:19) [GET]

ActionController::RoutingError (No route matches "/" with {:method=>:get}):
  

Rendering rescues/layout (not_found)


Processing ApplicationController#index (for 127.0.0.1 at 2009-07-27 16:09:19) [GET]

ActionController::RoutingError (No route matches "/" with {:method=>:get}):
  

Rendering rescues/layout (not_found)


Processing ApplicationController#index (for 127.0.0.1 at 2009-07-27 16:09:19) [GET]

ActionController::RoutingError (No route matches "/" with {:method=>:get}):
  

Rendering rescues/layout (not_found)


Processing ApplicationController#index (for 127.0.0.1 at 2009-07-27 16:09:19) [GET]

ActionController::RoutingError (No route matches "/" with {:method=>:get}):
  

Rendering rescues/layout (not_found)


Processing ApplicationController#index (for 127.0.0.1 at 2009-07-27 16:09:20) [GET]

ActionController::RoutingError (No route matches "/" with {:method=>:get}):
  

Rendering rescues/layout (not_found)


Processing ApplicationController#index (for 127.0.0.1 at 2009-07-27 16:09:20) [GET]

ActionController::RoutingError (No route matches "/" with {:method=>:get}):
  

Rendering rescues/layout (not_found)


Processing ApplicationController#index (for 127.0.0.1 at 2009-07-27 16:09:20) [GET]

ActionController::RoutingError (No route matches "/" with {:method=>:get}):
  

Rendering rescues/layout (not_found)
  [4;36;1mSQL (0.6ms)[0m   [0;1m SELECT name
 FROM sqlite_master
 WHERE type = 'table' AND NOT name = 'sqlite_sequence'
[0m
  [4;35;1mSQL (0.3ms)[0m   [0mSELECT version FROM schema_migrations[0m
  [4;36;1mSQL (0.2ms)[0m   [0;1m SELECT name
 FROM sqlite_master
 WHERE type = 'table' AND NOT name = 'sqlite_sequence'
[0m
  [4;35;1mSQL (0.3ms)[0m   [0mSELECT version FROM schema_migrations[0m
Migrating to CreateArticulos (20090727190608)
Migrating to AddAttachmentsPhotoToArticulo (20090727191612)
Migrating to AddAttachmentsPhoto1Photo2Photo3AndPhoto4ToArticulo (20090727200224)
  [4;36;1mSQL (0.2ms)[0m   [0;1mselect sqlite_version(*)[0m
  [4;35;1mSQL (0.3ms)[0m   [0m SELECT name
 FROM sqlite_master
 WHERE type = 'table' AND NOT name = 'sqlite_sequence'
[0m
  [4;36;1mSQL (0.3ms)[0m   [0;1mSELECT version FROM schema_migrations[0m
  [4;35;1mSQL (0.2ms)[0m   [0m SELECT name
 FROM sqlite_master
 WHERE type = 'table' AND NOT name = 'sqlite_sequence'
[0m
  [4;36;1mSQL (0.1ms)[0m   [0;1mPRAGMA index_list("articulos")[0m


Processing ApplicationController#index (for 127.0.0.1 at 2009-07-27 16:09:36) [GET]

ActionController::RoutingError (No route matches "/" with {:method=>:get}):
  

Rendering rescues/layout (not_found)


Processing ApplicationController#index (for 127.0.0.1 at 2009-07-27 16:10:12) [GET]

ActionController::RoutingError (No route matches "/" with {:method=>:get}):
  

Rendering rescues/layout (not_found)


Processing ApplicationController#index (for 127.0.0.1 at 2009-07-27 16:10:16) [GET]

ActionController::RoutingError (No route matches "/" with {:method=>:get}):
  

Rendering rescues/layout (not_found)


Processing ApplicationController#index (for 127.0.0.1 at 2009-07-27 16:10:17) [GET]

ActionController::RoutingError (No route matches "/" with {:method=>:get}):
  

Rendering rescues/layout (not_found)


Processing ApplicationController#index (for 127.0.0.1 at 2009-07-27 16:11:16) [GET]

ActionController::RoutingError (No route matches "/" with {:method=>:get}):
  

Rendering rescues/layout (not_found)


Processing ApplicationController#index (for 127.0.0.1 at 2009-07-27 16:11:20) [GET]

ActionController::RoutingError (No route matches "/" with {:method=>:get}):
  

Rendering rescues/layout (not_found)


Processing ApplicationController#index (for 127.0.0.1 at 2009-07-27 16:13:37) [GET]

ActionController::RoutingError (No route matches "/" with {:method=>:get}):
  

Rendering rescues/layout (not_found)


Processing ArticulosController#index (for 127.0.0.1 at 2009-07-27 16:14:28) [GET]
  [4;36;1mArticulo Load (0.7ms)[0m   [0;1mSELECT * FROM "articulos" [0m
Rendering template within layouts/application
Rendering articulos/index
Completed in 27ms (View: 13, DB: 1) | 200 OK [http://localhost/articulos]


Processing ArticulosController#new (for 127.0.0.1 at 2009-07-27 16:14:31) [GET]
Rendering template within layouts/application
Rendering articulos/new
Completed in 40ms (View: 24, DB: 0) | 200 OK [http://localhost/articulos/new]


Processing ApplicationController#index (for 127.0.0.1 at 2009-07-27 16:14:36) [GET]

ActionController::RoutingError (No route matches "/" with {:method=>:get}):
  

Rendering rescues/layout (not_found)


Processing ArticulosController#index (for 127.0.0.1 at 2009-07-27 16:15:52) [GET]
  [4;36;1mArticulo Load (0.6ms)[0m   [0;1mSELECT * FROM "articulos" [0m
Rendering template within layouts/application
Rendering articulos/index
Completed in 25ms (View: 13, DB: 1) | 200 OK [http://localhost/]


Processing ArticulosController#index (for 127.0.0.1 at 2009-07-27 16:15:59) [GET]
  [4;35;1mArticulo Load (0.6ms)[0m   [0mSELECT * FROM "articulos" [0m
Rendering template within layouts/application
Rendering articulos/index
Completed in 16ms (View: 2, DB: 1) | 200 OK [http://localhost/]


Processing ArticulosController#index (for 127.0.0.1 at 2009-07-27 16:16:00) [GET]
  [4;36;1mArticulo Load (0.5ms)[0m   [0;1mSELECT * FROM "articulos" [0m
Rendering template within layouts/application
Rendering articulos/index
Completed in 14ms (View: 1, DB: 0) | 200 OK [http://localhost/]


Processing ArticulosController#index (for 127.0.0.1 at 2009-07-27 16:16:01) [GET]
  [4;35;1mArticulo Load (0.5ms)[0m   [0mSELECT * FROM "articulos" [0m
Rendering template within layouts/application
Rendering articulos/index
Completed in 13ms (View: 2, DB: 0) | 200 OK [http://localhost/]


Processing ArticulosController#index (for 127.0.0.1 at 2009-07-27 16:16:43) [GET]
  [4;36;1mArticulo Load (0.6ms)[0m   [0;1mSELECT * FROM "articulos" [0m
Rendering template within layouts/application
Rendering articulos/index
Completed in 25ms (View: 13, DB: 1) | 200 OK [http://localhost/]


Processing ArticulosController#index (for 127.0.0.1 at 2009-07-27 16:21:06) [GET]
  [4;36;1mArticulo Load (0.6ms)[0m   [0;1mSELECT * FROM "articulos" LIMIT 10 OFFSET 0[0m
Rendering template within layouts/application
Rendering articulos/index
Completed in 25ms (View: 13, DB: 1) | 200 OK [http://localhost/]


Processing ArticulosController#new (for 127.0.0.1 at 2009-07-27 16:21:12) [GET]
Rendering template within layouts/application
Rendering articulos/new
Completed in 35ms (View: 16, DB: 0) | 200 OK [http://localhost/articulos/new]


Processing ArticulosController#index (for 127.0.0.1 at 2009-07-27 16:21:16) [GET]
  [4;35;1mArticulo Load (1.2ms)[0m   [0mSELECT * FROM "articulos" LIMIT 10 OFFSET 0[0m
Rendering template within layouts/application
Rendering articulos/index
Completed in 14ms (View: 1, DB: 1) | 200 OK [http://localhost/]


Processing ArticulosController#index (for 127.0.0.1 at 2009-07-27 16:21:17) [GET]
  [4;36;1mArticulo Load (0.5ms)[0m   [0;1mSELECT * FROM "articulos" LIMIT 10 OFFSET 0[0m
Rendering template within layouts/application
Rendering articulos/index
Completed in 14ms (View: 2, DB: 1) | 200 OK [http://localhost/]


Processing ArticulosController#index (for 127.0.0.1 at 2009-07-27 16:21:18) [GET]
  [4;35;1mArticulo Load (0.5ms)[0m   [0mSELECT * FROM "articulos" LIMIT 10 OFFSET 0[0m
Rendering template within layouts/application
Rendering articulos/index
Completed in 13ms (View: 1, DB: 1) | 200 OK [http://localhost/]


Processing ArticulosController#index (for 127.0.0.1 at 2009-07-27 16:25:36) [GET]
  [4;36;1mArticulo Load (0.7ms)[0m   [0;1mSELECT * FROM "articulos" LIMIT 10 OFFSET 0[0m
Rendering template within layouts/application
Rendering articulos/index
Completed in 16ms (View: 2, DB: 1) | 200 OK [http://localhost/]


Processing ArticulosController#index (for 127.0.0.1 at 2009-07-27 16:27:47) [GET]
  [4;35;1mArticulo Load (0.6ms)[0m   [0mSELECT * FROM "articulos" LIMIT 10 OFFSET 0[0m
Rendering template within layouts/application
Rendering articulos/index
Completed in 16ms (View: 2, DB: 1) | 200 OK [http://localhost/]
  [4;36;1mSQL (0.7ms)[0m   [0;1m SELECT name
 FROM sqlite_master
 WHERE type = 'table' AND NOT name = 'sqlite_sequence'
[0m
  [4;35;1mSQL (0.3ms)[0m   [0mSELECT version FROM schema_migrations[0m
Migrating to CreateArticulos (20090727190608)
Migrating to AddAttachmentsPhotoToArticulo (20090727191612)
Migrating to AddAttachmentsPhoto1Photo2Photo3AndPhoto4ToArticulo (20090727200224)
Migrating to CreateUsers (20090727213408)
  [4;36;1mSQL (0.2ms)[0m   [0;1mselect sqlite_version(*)[0m
  [4;35;1mSQL (0.3ms)[0m   [0m SELECT name
 FROM sqlite_master
 WHERE type = 'table' AND NOT name = 'sqlite_sequence'
[0m
  [4;36;1mSQL (0.8ms)[0m   [0;1mCREATE TABLE "users" ("id" INTEGER PRIMARY KEY AUTOINCREMENT NOT NULL, "login" varchar(40), "name" varchar(100), "email" varchar(100), "crypted_password" varchar(40), "salt" varchar(40), "created_at" datetime, "updated_at" datetime, "remember_token" varchar(40), "remember_token_expires_at" datetime, "admin" boolean DEFAULT 'f') [0m
  [4;35;1mSQL (0.4ms)[0m   [0mCREATE UNIQUE INDEX "index_users_on_login" ON "users" ("login")[0m
WARNING: Can't mass-assign these protected attributes: admin
  [4;36;1mUser Exists (0.2ms)[0m   [0;1mSELECT "users".id FROM "users" WHERE ("users"."login" = 'admin') LIMIT 1[0m
  [4;35;1mUser Exists (0.2ms)[0m   [0mSELECT "users".id FROM "users" WHERE ("users"."email" = 'admin@sitio.com') LIMIT 1[0m
  [4;36;1mUser Create (0.3ms)[0m   [0;1mINSERT INTO "users" ("name", "salt", "updated_at", "crypted_password", "remember_token_expires_at", "admin", "remember_token", "login", "email", "created_at") VALUES('', '2850a632683b07a0c19c29f5eac2ff9794fcfcd5', '2009-07-27 21:36:13', 'e78cee8f573c900d79cb1ef1e1553281e935c672', NULL, 't', NULL, 'admin', 'admin@sitio.com', '2009-07-27 21:36:13')[0m
  [4;35;1mSQL (0.2ms)[0m   [0mINSERT INTO schema_migrations (version) VALUES ('20090727213408')[0m
  [4;36;1mSQL (0.5ms)[0m   [0;1m SELECT name
 FROM sqlite_master
 WHERE type = 'table' AND NOT name = 'sqlite_sequence'
[0m
  [4;35;1mSQL (0.4ms)[0m   [0mSELECT version FROM schema_migrations[0m
  [4;36;1mSQL (0.4ms)[0m   [0;1m SELECT name
 FROM sqlite_master
 WHERE type = 'table' AND NOT name = 'sqlite_sequence'
[0m
  [4;35;1mSQL (0.1ms)[0m   [0mPRAGMA index_list("articulos")[0m
  [4;36;1mSQL (0.2ms)[0m   [0;1mPRAGMA index_list("users")[0m
  [4;35;1mSQL (0.4ms)[0m   [0mPRAGMA index_info('index_users_on_login')[0m


Processing ArticulosController#index (for 127.0.0.1 at 2009-07-27 16:38:09) [GET]
Redirected to http://localhost:3000/session/new
Filter chain halted as [:login_required] rendered_or_redirected.
Completed in 1ms (DB: 0) | 302 Found [http://localhost/]


Processing SessionsController#new (for 127.0.0.1 at 2009-07-27 16:38:09) [GET]
Redirected to http://localhost:3000/session/new
Filter chain halted as [:login_required] rendered_or_redirected.
Completed in 1ms (DB: 0) | 302 Found [http://localhost/session/new]


Processing SessionsController#new (for 127.0.0.1 at 2009-07-27 16:38:09) [GET]
Redirected to http://localhost:3000/session/new
Filter chain halted as [:login_required] rendered_or_redirected.
Completed in 1ms (DB: 0) | 302 Found [http://localhost/session/new]


Processing SessionsController#new (for 127.0.0.1 at 2009-07-27 16:38:09) [GET]
Redirected to http://localhost:3000/session/new
Filter chain halted as [:login_required] rendered_or_redirected.
Completed in 1ms (DB: 0) | 302 Found [http://localhost/session/new]


Processing SessionsController#new (for 127.0.0.1 at 2009-07-27 16:38:09) [GET]
Redirected to http://localhost:3000/session/new
Filter chain halted as [:login_required] rendered_or_redirected.
Completed in 1ms (DB: 0) | 302 Found [http://localhost/session/new]


Processing SessionsController#new (for 127.0.0.1 at 2009-07-27 16:38:09) [GET]
Redirected to http://localhost:3000/session/new
Filter chain halted as [:login_required] rendered_or_redirected.
Completed in 1ms (DB: 0) | 302 Found [http://localhost/session/new]


Processing SessionsController#new (for 127.0.0.1 at 2009-07-27 16:38:09) [GET]
Redirected to http://localhost:3000/session/new
Filter chain halted as [:login_required] rendered_or_redirected.
Completed in 1ms (DB: 0) | 302 Found [http://localhost/session/new]


Processing SessionsController#new (for 127.0.0.1 at 2009-07-27 16:38:09) [GET]
Redirected to http://localhost:3000/session/new
Filter chain halted as [:login_required] rendered_or_redirected.
Completed in 1ms (DB: 0) | 302 Found [http://localhost/session/new]


Processing SessionsController#new (for 127.0.0.1 at 2009-07-27 16:38:09) [GET]
Redirected to http://localhost:3000/session/new
Filter chain halted as [:login_required] rendered_or_redirected.
Completed in 1ms (DB: 0) | 302 Found [http://localhost/session/new]


Processing SessionsController#new (for 127.0.0.1 at 2009-07-27 16:38:09) [GET]
Redirected to http://localhost:3000/session/new
Filter chain halted as [:login_required] rendered_or_redirected.
Completed in 1ms (DB: 0) | 302 Found [http://localhost/session/new]


Processing SessionsController#new (for 127.0.0.1 at 2009-07-27 16:38:09) [GET]
Redirected to http://localhost:3000/session/new
Filter chain halted as [:login_required] rendered_or_redirected.
Completed in 1ms (DB: 0) | 302 Found [http://localhost/session/new]


Processing SessionsController#new (for 127.0.0.1 at 2009-07-27 16:38:10) [GET]
Redirected to http://localhost:3000/session/new
Filter chain halted as [:login_required] rendered_or_redirected.
Completed in 1ms (DB: 0) | 302 Found [http://localhost/session/new]


Processing SessionsController#new (for 127.0.0.1 at 2009-07-27 16:38:10) [GET]
Redirected to http://localhost:3000/session/new
Filter chain halted as [:login_required] rendered_or_redirected.
Completed in 2ms (DB: 0) | 302 Found [http://localhost/session/new]


Processing SessionsController#new (for 127.0.0.1 at 2009-07-27 16:38:10) [GET]
Redirected to http://localhost:3000/session/new
Filter chain halted as [:login_required] rendered_or_redirected.
Completed in 1ms (DB: 0) | 302 Found [http://localhost/session/new]


Processing SessionsController#new (for 127.0.0.1 at 2009-07-27 16:38:10) [GET]
Redirected to http://localhost:3000/session/new
Filter chain halted as [:login_required] rendered_or_redirected.
Completed in 1ms (DB: 0) | 302 Found [http://localhost/session/new]


Processing SessionsController#new (for 127.0.0.1 at 2009-07-27 16:38:10) [GET]
Redirected to http://localhost:3000/session/new
Filter chain halted as [:login_required] rendered_or_redirected.
Completed in 1ms (DB: 0) | 302 Found [http://localhost/session/new]


Processing SessionsController#new (for 127.0.0.1 at 2009-07-27 16:38:10) [GET]
Redirected to http://localhost:3000/session/new
Filter chain halted as [:login_required] rendered_or_redirected.
Completed in 1ms (DB: 0) | 302 Found [http://localhost/session/new]


Processing SessionsController#new (for 127.0.0.1 at 2009-07-27 16:38:10) [GET]
Redirected to http://localhost:3000/session/new
Filter chain halted as [:login_required] rendered_or_redirected.
Completed in 1ms (DB: 0) | 302 Found [http://localhost/session/new]


Processing SessionsController#new (for 127.0.0.1 at 2009-07-27 16:38:10) [GET]
Redirected to http://localhost:3000/session/new
Filter chain halted as [:login_required] rendered_or_redirected.
Completed in 1ms (DB: 0) | 302 Found [http://localhost/session/new]


Processing SessionsController#new (for 127.0.0.1 at 2009-07-27 16:38:10) [GET]
Redirected to http://localhost:3000/session/new
Filter chain halted as [:login_required] rendered_or_redirected.
Completed in 1ms (DB: 0) | 302 Found [http://localhost/session/new]


Processing SessionsController#new (for 127.0.0.1 at 2009-07-27 16:38:10) [GET]
Redirected to http://localhost:3000/session/new
Filter chain halted as [:login_required] rendered_or_redirected.
Completed in 1ms (DB: 0) | 302 Found [http://localhost/session/new]


Processing ArticulosController#index (for 127.0.0.1 at 2009-07-27 16:38:19) [GET]
Redirected to http://localhost:3000/session/new
Filter chain halted as [:login_required] rendered_or_redirected.
Completed in 1ms (DB: 0) | 302 Found [http://localhost/]


Processing SessionsController#new (for 127.0.0.1 at 2009-07-27 16:38:19) [GET]
Redirected to http://localhost:3000/session/new
Filter chain halted as [:login_required] rendered_or_redirected.
Completed in 1ms (DB: 0) | 302 Found [http://localhost/session/new]


Processing SessionsController#new (for 127.0.0.1 at 2009-07-27 16:38:19) [GET]
Redirected to http://localhost:3000/session/new
Filter chain halted as [:login_required] rendered_or_redirected.
Completed in 1ms (DB: 0) | 302 Found [http://localhost/session/new]


Processing SessionsController#new (for 127.0.0.1 at 2009-07-27 16:38:19) [GET]
Redirected to http://localhost:3000/session/new
Filter chain halted as [:login_required] rendered_or_redirected.
Completed in 1ms (DB: 0) | 302 Found [http://localhost/session/new]


Processing SessionsController#new (for 127.0.0.1 at 2009-07-27 16:38:19) [GET]
Redirected to http://localhost:3000/session/new
Filter chain halted as [:login_required] rendered_or_redirected.
Completed in 1ms (DB: 0) | 302 Found [http://localhost/session/new]


Processing SessionsController#new (for 127.0.0.1 at 2009-07-27 16:38:19) [GET]
Redirected to http://localhost:3000/session/new
Filter chain halted as [:login_required] rendered_or_redirected.
Completed in 1ms (DB: 0) | 302 Found [http://localhost/session/new]


Processing SessionsController#new (for 127.0.0.1 at 2009-07-27 16:38:19) [GET]
Redirected to http://localhost:3000/session/new
Filter chain halted as [:login_required] rendered_or_redirected.
Completed in 1ms (DB: 0) | 302 Found [http://localhost/session/new]


Processing SessionsController#new (for 127.0.0.1 at 2009-07-27 16:38:19) [GET]
Redirected to http://localhost:3000/session/new
Filter chain halted as [:login_required] rendered_or_redirected.
Completed in 1ms (DB: 0) | 302 Found [http://localhost/session/new]


Processing SessionsController#new (for 127.0.0.1 at 2009-07-27 16:38:19) [GET]
Redirected to http://localhost:3000/session/new
Filter chain halted as [:login_required] rendered_or_redirected.
Completed in 1ms (DB: 0) | 302 Found [http://localhost/session/new]


Processing SessionsController#new (for 127.0.0.1 at 2009-07-27 16:38:19) [GET]
Redirected to http://localhost:3000/session/new
Filter chain halted as [:login_required] rendered_or_redirected.
Completed in 1ms (DB: 0) | 302 Found [http://localhost/session/new]


Processing SessionsController#new (for 127.0.0.1 at 2009-07-27 16:38:19) [GET]
Redirected to http://localhost:3000/session/new
Filter chain halted as [:login_required] rendered_or_redirected.
Completed in 1ms (DB: 0) | 302 Found [http://localhost/session/new]


Processing SessionsController#new (for 127.0.0.1 at 2009-07-27 16:38:19) [GET]
Redirected to http://localhost:3000/session/new
Filter chain halted as [:login_required] rendered_or_redirected.
Completed in 1ms (DB: 0) | 302 Found [http://localhost/session/new]


Processing SessionsController#new (for 127.0.0.1 at 2009-07-27 16:38:20) [GET]
Redirected to http://localhost:3000/session/new
Filter chain halted as [:login_required] rendered_or_redirected.
Completed in 1ms (DB: 0) | 302 Found [http://localhost/session/new]


Processing SessionsController#new (for 127.0.0.1 at 2009-07-27 16:38:20) [GET]
Redirected to http://localhost:3000/session/new
Filter chain halted as [:login_required] rendered_or_redirected.
Completed in 1ms (DB: 0) | 302 Found [http://localhost/session/new]


Processing SessionsController#new (for 127.0.0.1 at 2009-07-27 16:38:20) [GET]
Redirected to http://localhost:3000/session/new
Filter chain halted as [:login_required] rendered_or_redirected.
Completed in 1ms (DB: 0) | 302 Found [http://localhost/session/new]


Processing SessionsController#new (for 127.0.0.1 at 2009-07-27 16:38:20) [GET]
Redirected to http://localhost:3000/session/new
Filter chain halted as [:login_required] rendered_or_redirected.
Completed in 1ms (DB: 0) | 302 Found [http://localhost/session/new]


Processing SessionsController#new (for 127.0.0.1 at 2009-07-27 16:38:20) [GET]
Redirected to http://localhost:3000/session/new
Filter chain halted as [:login_required] rendered_or_redirected.
Completed in 1ms (DB: 0) | 302 Found [http://localhost/session/new]


Processing SessionsController#new (for 127.0.0.1 at 2009-07-27 16:38:20) [GET]
Redirected to http://localhost:3000/session/new
Filter chain halted as [:login_required] rendered_or_redirected.
Completed in 1ms (DB: 0) | 302 Found [http://localhost/session/new]


Processing SessionsController#new (for 127.0.0.1 at 2009-07-27 16:38:20) [GET]
Redirected to http://localhost:3000/session/new
Filter chain halted as [:login_required] rendered_or_redirected.
Completed in 1ms (DB: 0) | 302 Found [http://localhost/session/new]


Processing SessionsController#new (for 127.0.0.1 at 2009-07-27 16:38:20) [GET]
Redirected to http://localhost:3000/session/new
Filter chain halted as [:login_required] rendered_or_redirected.
Completed in 1ms (DB: 0) | 302 Found [http://localhost/session/new]


Processing SessionsController#new (for 127.0.0.1 at 2009-07-27 16:38:20) [GET]
Redirected to http://localhost:3000/session/new
Filter chain halted as [:login_required] rendered_or_redirected.
Completed in 1ms (DB: 0) | 302 Found [http://localhost/session/new]


Processing ArticulosController#index (for 127.0.0.1 at 2009-07-27 16:38:24) [GET]
Redirected to http://localhost:3000/session/new
Filter chain halted as [:login_required] rendered_or_redirected.
Completed in 2ms (DB: 0) | 302 Found [http://localhost/]


Processing SessionsController#new (for 127.0.0.1 at 2009-07-27 16:38:24) [GET]
Redirected to http://localhost:3000/session/new
Filter chain halted as [:login_required] rendered_or_redirected.
Completed in 1ms (DB: 0) | 302 Found [http://localhost/session/new]


Processing SessionsController#new (for 127.0.0.1 at 2009-07-27 16:38:24) [GET]
Redirected to http://localhost:3000/session/new
Filter chain halted as [:login_required] rendered_or_redirected.
Completed in 1ms (DB: 0) | 302 Found [http://localhost/session/new]


Processing SessionsController#new (for 127.0.0.1 at 2009-07-27 16:38:24) [GET]
Redirected to http://localhost:3000/session/new
Filter chain halted as [:login_required] rendered_or_redirected.
Completed in 1ms (DB: 0) | 302 Found [http://localhost/session/new]


Processing SessionsController#new (for 127.0.0.1 at 2009-07-27 16:38:24) [GET]
Redirected to http://localhost:3000/session/new
Filter chain halted as [:login_required] rendered_or_redirected.
Completed in 1ms (DB: 0) | 302 Found [http://localhost/session/new]


Processing SessionsController#new (for 127.0.0.1 at 2009-07-27 16:38:24) [GET]
Redirected to http://localhost:3000/session/new
Filter chain halted as [:login_required] rendered_or_redirected.
Completed in 1ms (DB: 0) | 302 Found [http://localhost/session/new]


Processing SessionsController#new (for 127.0.0.1 at 2009-07-27 16:38:24) [GET]
Redirected to http://localhost:3000/session/new
Filter chain halted as [:login_required] rendered_or_redirected.
Completed in 1ms (DB: 0) | 302 Found [http://localhost/session/new]


Processing SessionsController#new (for 127.0.0.1 at 2009-07-27 16:38:24) [GET]
Redirected to http://localhost:3000/session/new
Filter chain halted as [:login_required] rendered_or_redirected.
Completed in 1ms (DB: 0) | 302 Found [http://localhost/session/new]


Processing SessionsController#new (for 127.0.0.1 at 2009-07-27 16:38:25) [GET]
Redirected to http://localhost:3000/session/new
Filter chain halted as [:login_required] rendered_or_redirected.
Completed in 1ms (DB: 0) | 302 Found [http://localhost/session/new]


Processing SessionsController#new (for 127.0.0.1 at 2009-07-27 16:38:25) [GET]
Redirected to http://localhost:3000/session/new
Filter chain halted as [:login_required] rendered_or_redirected.
Completed in 1ms (DB: 0) | 302 Found [http://localhost/session/new]


Processing SessionsController#new (for 127.0.0.1 at 2009-07-27 16:38:25) [GET]
Redirected to http://localhost:3000/session/new
Filter chain halted as [:login_required] rendered_or_redirected.
Completed in 1ms (DB: 0) | 302 Found [http://localhost/session/new]


Processing SessionsController#new (for 127.0.0.1 at 2009-07-27 16:38:25) [GET]
Redirected to http://localhost:3000/session/new
Filter chain halted as [:login_required] rendered_or_redirected.
Completed in 1ms (DB: 0) | 302 Found [http://localhost/session/new]


Processing SessionsController#new (for 127.0.0.1 at 2009-07-27 16:38:25) [GET]
Redirected to http://localhost:3000/session/new
Filter chain halted as [:login_required] rendered_or_redirected.
Completed in 1ms (DB: 0) | 302 Found [http://localhost/session/new]


Processing SessionsController#new (for 127.0.0.1 at 2009-07-27 16:38:25) [GET]
Redirected to http://localhost:3000/session/new
Filter chain halted as [:login_required] rendered_or_redirected.
Completed in 1ms (DB: 0) | 302 Found [http://localhost/session/new]


Processing SessionsController#new (for 127.0.0.1 at 2009-07-27 16:38:25) [GET]
Redirected to http://localhost:3000/session/new
Filter chain halted as [:login_required] rendered_or_redirected.
Completed in 1ms (DB: 0) | 302 Found [http://localhost/session/new]


Processing SessionsController#new (for 127.0.0.1 at 2009-07-27 16:38:25) [GET]
Redirected to http://localhost:3000/session/new
Filter chain halted as [:login_required] rendered_or_redirected.
Completed in 1ms (DB: 0) | 302 Found [http://localhost/session/new]


Processing SessionsController#new (for 127.0.0.1 at 2009-07-27 16:38:25) [GET]
Redirected to http://localhost:3000/session/new
Filter chain halted as [:login_required] rendered_or_redirected.
Completed in 1ms (DB: 0) | 302 Found [http://localhost/session/new]


Processing SessionsController#new (for 127.0.0.1 at 2009-07-27 16:38:25) [GET]
Redirected to http://localhost:3000/session/new
Filter chain halted as [:login_required] rendered_or_redirected.
Completed in 1ms (DB: 0) | 302 Found [http://localhost/session/new]


Processing SessionsController#new (for 127.0.0.1 at 2009-07-27 16:38:25) [GET]
Redirected to http://localhost:3000/session/new
Filter chain halted as [:login_required] rendered_or_redirected.
Completed in 1ms (DB: 0) | 302 Found [http://localhost/session/new]


Processing SessionsController#new (for 127.0.0.1 at 2009-07-27 16:38:25) [GET]
Redirected to http://localhost:3000/session/new
Filter chain halted as [:login_required] rendered_or_redirected.
Completed in 1ms (DB: 0) | 302 Found [http://localhost/session/new]


Processing SessionsController#new (for 127.0.0.1 at 2009-07-27 16:38:25) [GET]
Redirected to http://localhost:3000/session/new
Filter chain halted as [:login_required] rendered_or_redirected.
Completed in 1ms (DB: 0) | 302 Found [http://localhost/session/new]


Processing SessionsController#new (for 127.0.0.1 at 2009-07-27 16:38:26) [GET]
Redirected to http://localhost:3000/session/new
Filter chain halted as [:login_required] rendered_or_redirected.
Completed in 1ms (DB: 0) | 302 Found [http://localhost/session/new]


Processing SessionsController#new (for 127.0.0.1 at 2009-07-27 16:38:26) [GET]
Redirected to http://localhost:3000/session/new
Filter chain halted as [:login_required] rendered_or_redirected.
Completed in 1ms (DB: 0) | 302 Found [http://localhost/session/new]


Processing SessionsController#new (for 127.0.0.1 at 2009-07-27 16:38:26) [GET]
Redirected to http://localhost:3000/session/new
Filter chain halted as [:login_required] rendered_or_redirected.
Completed in 1ms (DB: 0) | 302 Found [http://localhost/session/new]


Processing SessionsController#new (for 127.0.0.1 at 2009-07-27 16:38:26) [GET]
Redirected to http://localhost:3000/session/new
Filter chain halted as [:login_required] rendered_or_redirected.
Completed in 1ms (DB: 0) | 302 Found [http://localhost/session/new]


Processing SessionsController#new (for 127.0.0.1 at 2009-07-27 16:38:26) [GET]
Redirected to http://localhost:3000/session/new
Filter chain halted as [:login_required] rendered_or_redirected.
Completed in 1ms (DB: 0) | 302 Found [http://localhost/session/new]


Processing SessionsController#new (for 127.0.0.1 at 2009-07-27 16:38:27) [GET]
Redirected to http://localhost:3000/session/new
Filter chain halted as [:login_required] rendered_or_redirected.
Completed in 1ms (DB: 0) | 302 Found [http://localhost/session/new]


Processing SessionsController#new (for 127.0.0.1 at 2009-07-27 16:38:27) [GET]
Redirected to http://localhost:3000/session/new
Filter chain halted as [:login_required] rendered_or_redirected.
Completed in 1ms (DB: 0) | 302 Found [http://localhost/session/new]


Processing SessionsController#new (for 127.0.0.1 at 2009-07-27 16:38:27) [GET]
Redirected to http://localhost:3000/session/new
Filter chain halted as [:login_required] rendered_or_redirected.
Completed in 1ms (DB: 0) | 302 Found [http://localhost/session/new]


Processing SessionsController#new (for 127.0.0.1 at 2009-07-27 16:38:27) [GET]
Redirected to http://localhost:3000/session/new
Filter chain halted as [:login_required] rendered_or_redirected.
Completed in 1ms (DB: 0) | 302 Found [http://localhost/session/new]


Processing SessionsController#new (for 127.0.0.1 at 2009-07-27 16:38:27) [GET]
Redirected to http://localhost:3000/session/new
Filter chain halted as [:login_required] rendered_or_redirected.
Completed in 1ms (DB: 0) | 302 Found [http://localhost/session/new]


Processing SessionsController#new (for 127.0.0.1 at 2009-07-27 16:38:27) [GET]
Redirected to http://localhost:3000/session/new
Filter chain halted as [:login_required] rendered_or_redirected.
Completed in 1ms (DB: 0) | 302 Found [http://localhost/session/new]


Processing SessionsController#new (for 127.0.0.1 at 2009-07-27 16:38:27) [GET]
Redirected to http://localhost:3000/session/new
Filter chain halted as [:login_required] rendered_or_redirected.
Completed in 1ms (DB: 0) | 302 Found [http://localhost/session/new]


Processing SessionsController#new (for 127.0.0.1 at 2009-07-27 16:38:27) [GET]
Redirected to http://localhost:3000/session/new
Filter chain halted as [:login_required] rendered_or_redirected.
Completed in 1ms (DB: 0) | 302 Found [http://localhost/session/new]


Processing SessionsController#new (for 127.0.0.1 at 2009-07-27 16:38:27) [GET]
Redirected to http://localhost:3000/session/new
Filter chain halted as [:login_required] rendered_or_redirected.
Completed in 1ms (DB: 0) | 302 Found [http://localhost/session/new]


Processing SessionsController#new (for 127.0.0.1 at 2009-07-27 16:38:27) [GET]
Redirected to http://localhost:3000/session/new
Filter chain halted as [:login_required] rendered_or_redirected.
Completed in 1ms (DB: 0) | 302 Found [http://localhost/session/new]


Processing SessionsController#new (for 127.0.0.1 at 2009-07-27 16:38:27) [GET]
Redirected to http://localhost:3000/session/new
Filter chain halted as [:login_required] rendered_or_redirected.
Completed in 1ms (DB: 0) | 302 Found [http://localhost/session/new]


Processing SessionsController#new (for 127.0.0.1 at 2009-07-27 16:38:27) [GET]
Redirected to http://localhost:3000/session/new
Filter chain halted as [:login_required] rendered_or_redirected.
Completed in 1ms (DB: 0) | 302 Found [http://localhost/session/new]


Processing SessionsController#new (for 127.0.0.1 at 2009-07-27 16:38:27) [GET]
Redirected to http://localhost:3000/session/new
Filter chain halted as [:login_required] rendered_or_redirected.
Completed in 1ms (DB: 0) | 302 Found [http://localhost/session/new]


Processing SessionsController#new (for 127.0.0.1 at 2009-07-27 16:38:27) [GET]
Redirected to http://localhost:3000/session/new
Filter chain halted as [:login_required] rendered_or_redirected.
Completed in 1ms (DB: 0) | 302 Found [http://localhost/session/new]


Processing SessionsController#new (for 127.0.0.1 at 2009-07-27 16:38:27) [GET]
Redirected to http://localhost:3000/session/new
Filter chain halted as [:login_required] rendered_or_redirected.
Completed in 1ms (DB: 0) | 302 Found [http://localhost/session/new]


Processing SessionsController#new (for 127.0.0.1 at 2009-07-27 16:38:27) [GET]
Redirected to http://localhost:3000/session/new
Filter chain halted as [:login_required] rendered_or_redirected.
Completed in 1ms (DB: 0) | 302 Found [http://localhost/session/new]


Processing SessionsController#new (for 127.0.0.1 at 2009-07-27 16:38:27) [GET]
Redirected to http://localhost:3000/session/new
Filter chain halted as [:login_required] rendered_or_redirected.
Completed in 1ms (DB: 0) | 302 Found [http://localhost/session/new]


Processing SessionsController#new (for 127.0.0.1 at 2009-07-27 16:38:27) [GET]
Redirected to http://localhost:3000/session/new
Filter chain halted as [:login_required] rendered_or_redirected.
Completed in 1ms (DB: 0) | 302 Found [http://localhost/session/new]


Processing SessionsController#new (for 127.0.0.1 at 2009-07-27 16:38:27) [GET]
Redirected to http://localhost:3000/session/new
Filter chain halted as [:login_required] rendered_or_redirected.
Completed in 1ms (DB: 0) | 302 Found [http://localhost/session/new]


Processing SessionsController#new (for 127.0.0.1 at 2009-07-27 16:38:27) [GET]
Redirected to http://localhost:3000/session/new
Filter chain halted as [:login_required] rendered_or_redirected.
Completed in 1ms (DB: 0) | 302 Found [http://localhost/session/new]


Processing SessionsController#new (for 127.0.0.1 at 2009-07-27 16:38:28) [GET]
Redirected to http://localhost:3000/session/new
Filter chain halted as [:login_required] rendered_or_redirected.
Completed in 1ms (DB: 0) | 302 Found [http://localhost/session/new]


Processing SessionsController#new (for 127.0.0.1 at 2009-07-27 16:38:28) [GET]
Redirected to http://localhost:3000/session/new
Filter chain halted as [:login_required] rendered_or_redirected.
Completed in 1ms (DB: 0) | 302 Found [http://localhost/session/new]


Processing SessionsController#new (for 127.0.0.1 at 2009-07-27 16:38:28) [GET]
Redirected to http://localhost:3000/session/new
Filter chain halted as [:login_required] rendered_or_redirected.
Completed in 1ms (DB: 0) | 302 Found [http://localhost/session/new]


Processing SessionsController#new (for 127.0.0.1 at 2009-07-27 16:38:28) [GET]
Redirected to http://localhost:3000/session/new
Filter chain halted as [:login_required] rendered_or_redirected.
Completed in 2ms (DB: 0) | 302 Found [http://localhost/session/new]


Processing SessionsController#new (for 127.0.0.1 at 2009-07-27 16:38:28) [GET]
Redirected to http://localhost:3000/session/new
Filter chain halted as [:login_required] rendered_or_redirected.
Completed in 1ms (DB: 0) | 302 Found [http://localhost/session/new]


Processing SessionsController#new (for 127.0.0.1 at 2009-07-27 16:38:28) [GET]
Redirected to http://localhost:3000/session/new
Filter chain halted as [:login_required] rendered_or_redirected.
Completed in 1ms (DB: 0) | 302 Found [http://localhost/session/new]


Processing SessionsController#new (for 127.0.0.1 at 2009-07-27 16:38:28) [GET]
Redirected to http://localhost:3000/session/new
Filter chain halted as [:login_required] rendered_or_redirected.
Completed in 1ms (DB: 0) | 302 Found [http://localhost/session/new]


Processing SessionsController#new (for 127.0.0.1 at 2009-07-27 16:38:28) [GET]
Redirected to http://localhost:3000/session/new
Filter chain halted as [:login_required] rendered_or_redirected.
Completed in 1ms (DB: 0) | 302 Found [http://localhost/session/new]


Processing SessionsController#new (for 127.0.0.1 at 2009-07-27 16:38:28) [GET]
Redirected to http://localhost:3000/session/new
Filter chain halted as [:login_required] rendered_or_redirected.
Completed in 1ms (DB: 0) | 302 Found [http://localhost/session/new]


Processing SessionsController#new (for 127.0.0.1 at 2009-07-27 16:38:28) [GET]
Redirected to http://localhost:3000/session/new
Filter chain halted as [:login_required] rendered_or_redirected.
Completed in 1ms (DB: 0) | 302 Found [http://localhost/session/new]


Processing SessionsController#new (for 127.0.0.1 at 2009-07-27 16:38:28) [GET]
Redirected to http://localhost:3000/session/new
Filter chain halted as [:login_required] rendered_or_redirected.
Completed in 1ms (DB: 0) | 302 Found [http://localhost/session/new]


Processing SessionsController#new (for 127.0.0.1 at 2009-07-27 16:38:28) [GET]
Redirected to http://localhost:3000/session/new
Filter chain halted as [:login_required] rendered_or_redirected.
Completed in 1ms (DB: 0) | 302 Found [http://localhost/session/new]


Processing SessionsController#new (for 127.0.0.1 at 2009-07-27 16:38:28) [GET]
Redirected to http://localhost:3000/session/new
Filter chain halted as [:login_required] rendered_or_redirected.
Completed in 1ms (DB: 0) | 302 Found [http://localhost/session/new]


Processing SessionsController#new (for 127.0.0.1 at 2009-07-27 16:38:28) [GET]
Redirected to http://localhost:3000/session/new
Filter chain halted as [:login_required] rendered_or_redirected.
Completed in 1ms (DB: 0) | 302 Found [http://localhost/session/new]


Processing SessionsController#new (for 127.0.0.1 at 2009-07-27 16:38:28) [GET]
Redirected to http://localhost:3000/session/new
Filter chain halted as [:login_required] rendered_or_redirected.
Completed in 1ms (DB: 0) | 302 Found [http://localhost/session/new]


Processing SessionsController#new (for 127.0.0.1 at 2009-07-27 16:38:28) [GET]
Redirected to http://localhost:3000/session/new
Filter chain halted as [:login_required] rendered_or_redirected.
Completed in 49ms (DB: 0) | 302 Found [http://localhost/session/new]


Processing ArticulosController#index (for 127.0.0.1 at 2009-07-27 16:39:01) [GET]
Redirected to http://localhost:3000/session/new
Filter chain halted as [:login_required] rendered_or_redirected.
Completed in 1ms (DB: 0) | 302 Found [http://localhost/]


Processing SessionsController#new (for 127.0.0.1 at 2009-07-27 16:39:01) [GET]
Rendering template within layouts/application
Rendering sessions/new
Completed in 18ms (View: 14, DB: 0) | 200 OK [http://localhost/session/new]


Processing SessionsController#create (for 127.0.0.1 at 2009-07-27 16:39:15) [POST]
  Parameters: {"commit"=>"Log in", "authenticity_token"=>"NJpBBih7J769tBLNRS3BXMFfz4v+BQMoXEcQVWpJ2wI=", "login"=>"admin", "password"=>"admin123"}
  [4;36;1mUser Load (0.5ms)[0m   [0;1mSELECT * FROM "users" WHERE ("users"."login" = 'admin') LIMIT 1[0m
Redirected to http://localhost:3000/
Completed in 23ms (DB: 1) | 302 Found [http://localhost/session]


Processing ArticulosController#index (for 127.0.0.1 at 2009-07-27 16:39:15) [GET]
  [4;35;1mUser Load (0.6ms)[0m   [0mSELECT * FROM "users" WHERE ("users"."id" = 1) LIMIT 1[0m
  [4;36;1mArticulo Load (0.3ms)[0m   [0;1mSELECT * FROM "articulos" LIMIT 10 OFFSET 0[0m
Rendering template within layouts/application
Rendering articulos/index
Completed in 50ms (View: 9, DB: 1) | 200 OK [http://localhost/]


Processing ArticulosController#new (for 127.0.0.1 at 2009-07-27 16:39:23) [GET]
  [4;35;1mUser Load (0.4ms)[0m   [0mSELECT * FROM "users" WHERE ("users"."id" = 1) LIMIT 1[0m
Rendering template within layouts/application
Rendering articulos/new
Completed in 43ms (View: 14, DB: 0) | 200 OK [http://localhost/articulos/new]
